make --dry-run --keep-going --print-directory
make: Entering directory `/Users/spurple/Cub-3d'
gcc -g -g -Wall -Wextra -Werror -c src/get_next_line/get_next_line.c -o src/get_next_line/get_next_line.o
 
gcc -g -g -Wall -Wextra -Werror -c src/utils.c -o src/utils.o
gcc -g -g -Wall -Wextra -Werror -c src/parsing/parsing.c -o src/parsing/parsing.o
 
gcc -g -g -Wall -Wextra -Werror -c src/parsing/validation.c -o src/parsing/validation.o
gcc -g -g -Wall -Wextra -Werror -c src/parsing/parsing_utils.c -o src/parsing/parsing_utils.o
 
gcc -g -g -Wall -Wextra -Werror -c src/parsing/config_identifier.c -o src/parsing/config_identifier.o
gcc -g -g -Wall -Wextra -Werror -c src/parsing/config_identifier2.c -o src/parsing/config_identifier2.o
gcc -g -g -Wall -Wextra -Werror -c src/parsing/init.c -o src/parsing/init.o
gcc -g -g -Wall -Wextra -Werror -c src/parsing/init_cub.c -o src/parsing/init_cub.o
gcc -g -g -Wall -Wextra -Werror -c src/parsing/parse_map.c -o src/parsing/parse_map.o
gcc -g -g -Wall -Wextra -Werror -c src/parsing/parse_map_utils.c -o src/parsing/parse_map_utils.o
 
gcc -g -g -Wall -Wextra -Werror -c src/drawing/draw_3d.c -o src/drawing/draw_3d.o
gcc -g -g -Wall -Wextra -Werror -c src/drawing/draw_minimap.c -o src/drawing/draw_minimap.o
gcc -g -g -Wall -Wextra -Werror -c src/moving/move.c -o src/moving/move.o
 
gcc -g -g -Wall -Wextra -Werror -c src/moving/utils.c -o src/moving/utils.o
gcc -g -g -Wall -Wextra -Werror -c src/drawing/utils.c -o src/drawing/utils.o
(/Applications/Xcode.app/Contents/Developer/usr/bin/make	-C		./mlx/)
 
make[1]: Entering directory `/Users/spurple/Cub-3d/mlx'
make[1]: Nothing to be done for `all'.
make[1]: Leaving directory `/Users/spurple/Cub-3d/mlx'
 
/Applications/Xcode.app/Contents/Developer/usr/bin/make all -C ./libft
 
make[1]: Entering directory `/Users/spurple/Cub-3d/libft'
make[1]: Nothing to be done for `all'.
 
make[1]: Leaving directory `/Users/spurple/Cub-3d/libft'
 
gcc -g ./src/main.o ./src/get_next_line/get_next_line.o ./src/utils.o ./src/parsing/parsing.o ./src/parsing/validation.o ./src/parsing/parsing_utils.o ./src/parsing/config_identifier.o ./src/parsing/config_identifier2.o ./src/parsing/init.o ./src/parsing/init_cub.o ./src/parsing/parse_map.o ./src/parsing/parse_map_utils.o ./src/drawing/draw_3d.o ./src/drawing/draw_minimap.o ./src/moving/move.o ./src/moving/utils.o ./src/drawing/utils.o ./mlx/libmlx.a -Lmlx -lmlx -framework OpenGL -framework AppKit -I./includes/cub3d.h libft/libft.a -o cub3D
make: Leaving directory `/Users/spurple/Cub-3d'
 
