make all --print-data-base --no-builtin-variables --no-builtin-rules --question
# GNU Make 3.81
# Copyright (C) 2006  Free Software Foundation, Inc.
# This is free software; see the source for copying conditions.
# There is NO warranty; not even for MERCHANTABILITY or FITNESS FOR A
# PARTICULAR PURPOSE.

# This program built for i386-apple-darwin11.3.0
 

# Make data base, printed on Fri Jul  1 20:35:45 2022

# Variables

# automatic
<D = $(patsubst %/,%,$(dir $<))
# automatic
?F = $(notdir $?)
# makefile (from `Makefile', line 33)
OBJ = $(SRCS:.c=.o)
# environment
VSCODE_LOG_NATIVE = false
# automatic
?D = $(patsubst %/,%,$(dir $?))
# makefile (from `Makefile', line 26)
INCLUDES = -I includes
# automatic
@D = $(patsubst %/,%,$(dir $@))
# automatic
@F = $(notdir $@)
# makefile
CURDIR := /Users/spurple/Cub-3d
# makefile
 
SHELL = /bin/sh
# makefile (from `Makefile', line 39)
RM = @rm -f
# environment
VSCODE_NLS_CONFIG = {"locale":"en-us","availableLanguages":{},"_languagePackSupport":true}
# environment
_ = /usr/bin/make
# makefile (from `Makefile', line 1)
MAKEFILE_LIST :=  Makefile
# environment
VSCODE_VERBOSE_LOGGING = true
# environment
__CFBundleIdentifier = com.microsoft.VSCode
# environment
VSCODE_IPC_HOOK_EXTHOST = /var/folders/zz/zyxvpxvq6csfxvn_n003vmzm00yx7x/T/vscode-ipc-e0431c8c-27cc-40a1-bb94-96dc3b24eb6d.sock
# environment
VSCODE_CWD = /
# environment
PATH = /usr/local/bin:/usr/bin:/bin:/usr/sbin:/sbin:/usr/local/go/bin:/usr/local/munki:/Library/Apple/usr/bin:/Library/Frameworks/Mono.framework/Versions/Current/Commands
# environment
C_INCLUDE_PATH = /usr/local/include/
# environment
LIBRARY_PATH = /usr/local/Cellar/check/0.15.2/lib:/usr/local/lib
# environment
VSCODE_LOG_STACK = false
# environment
ELECTRON_RUN_AS_NODE = 1
# makefile (from `Makefile', line 24)
MLX_LIB = ./mlx/libmlx.a
# default
.FEATURES := target-specific order-only second-expansion else-if archives jobserver check-symlink
# environment
SSH_AUTH_SOCK = /private/tmp/com.apple.launchd.ZTgKRWLRby/Listeners
# environment
CPLUS_INCLUDE_PATH = /usr/local/include/
# automatic
%F = $(notdir $%)
# environment
VSCODE_PIPE_LOGGING = true
# environment
PWD = /Users/spurple/Cub-3d
# environment
ORIGINAL_XDG_CURRENT_DESKTOP = undefined
# environment
VSCODE_AMD_ENTRYPOINT = vs/workbench/api/node/extensionHostProcess
# environment
HOME = /Users/spurple
# default
MAKEFILEPATH := /Applications/Xcode.app/Contents/Developer/Makefiles
# environment
VSCODE_CODE_CACHE_PATH = /Users/spurple/Library/Application Support/Code/CachedData/da15b6fd3ef856477bf6f4fb29ba1b7af717770d
# environment
LOGNAME = spurple
# environment
APPLICATION_INSIGHTS_NO_DIAGNOSTIC_CHANNEL = 1
# environment
VSCODE_HANDLES_UNCAUGHT_ERRORS = true
# automatic
^D = $(patsubst %/,%,$(dir $^))
# environment
XPC_FLAGS = 0x0
# default
MAKE = $(MAKE_COMMAND)
# default
MAKECMDGOALS := all
# makefile (from `Makefile', line 3)
SRCS = ./src/main.c ./src/get_next_line/get_next_line.c ./src/utils.c ./src/parsing/parsing.c ./src/parsing/validation.c ./src/parsing/parsing_utils.c ./src/parsing/config_identifier.c ./src/parsing/config_identifier2.c ./src/parsing/init.c ./src/parsing/init_cub.c ./src/parsing/parse_map.c ./src/parsing/parse_map_utils.c ./src/drawing/draw_3d.c ./src/drawing/draw_minimap.c ./src/moving/move.c ./src/moving/utils.c ./src/drawing/utils.c 
# environment
SHLVL = 1
# makefile (from `Makefile', line 30)
LIBFT = libft/libft.a
# makefile (from `Makefile', line 37)
CC = cc
# default
MAKE_VERSION := 3.81
# environment
USER = spurple
# makefile
.DEFAULT_GOAL := all
# makefile (from `Makefile', line 1)
NAME = cub3D
# automatic
%D = $(patsubst %/,%,$(dir $%))
# default
MAKE_COMMAND := /Applications/Xcode.app/Contents/Developer/usr/bin/make
# default
.VARIABLES := 
# environment
TMPDIR = /var/folders/zz/zyxvpxvq6csfxvn_n003vmzm00yx7x/T/
# automatic
*F = $(notdir $*)
# environment
VSCODE_IPC_HOOK = /Users/spurple/Library/Application Support/Code/1.67.1-main.sock
# makefile
MAKEFLAGS = Rrqp
# environment
MFLAGS = -Rrqp
# automatic
*D = $(patsubst %/,%,$(dir $*))
# environment
XPC_SERVICE_NAME = application.com.microsoft.VSCode.1610020.1610244
# automatic
+D = $(patsubst %/,%,$(dir $+))
# makefile (from `Makefile', line 35)
OBJ_B = $(SRCS_B:.c=.o)
# automatic
+F = $(notdir $+)
# environment
__CF_USER_TEXT_ENCODING = 0xF74FD:0x0:0x0
# environment
COMMAND_MODE = unix2003
# default
MAKEFILES := 
# automatic
<F = $(notdir $<)
# makefile (from `Makefile', line 23)
MLX_DIR = ./mlx/
# environment
LC_ALL = C
# makefile (from `Makefile', line 28)
HEADER = ./includes/cub3d.h ./includes/parsing.h ./includes/get_next_line.h 
# automatic
^F = $(notdir $^)
# default
SUFFIXES := 
# makefile (from `Makefile', line 41)
FLAGS = -Wall -Wextra -Werror
# makefile (from `Makefile', line 21)
SRCS_B = 
# default
.INCLUDE_DIRS = /usr/local/include
# environment
MAKELEVEL := 0
# environment
LANG = C
# environment
VSCODE_PID = 61832
# variable set hash-table stats:
# Load=78/1024=8%, Rehash=0, Collisions=3/108=3%

# Pattern-specific Variable Values

 
# No pattern-specific variable values.

# Directories

# . (device 16777230, inode 11016): 16 files, no impossibilities.
# includes (device 16777230, inode 11086): 5 files, no impossibilities so far.
# src/get_next_line (device 16777230, inode 11170): 3 files, no impossibilities so far.
# src/moving (device 16777230, inode 97057): 5 files, no impossibilities so far.
# src/drawing (device 16777230, inode 17869): 7 files, no impossibilities so far.
# src (device 16777230, inode 11168): 9 files, no impossibilities so far.
# src/parsing (device 16777230, inode 11175): 19 files, no impossibilities so far.

# 64 files, no impossibilities in 7 directories.

# Implicit Rules

%.o: %.c ./includes/cub3d.h ./includes/parsing.h ./includes/get_next_line.h
#  commands to execute (from `Makefile', line 55):
	$(CC) -g $(FLAGS) $(INCLUDES) -c $< -o $@
	

# 1 implicit rules, 0 (0.0%) terminal.

# Files

# Not a target:
src/parsing/parsing_utils.c:
#  Implicit rule search has been done.
#  Last modified 2022-07-01 19:44:13
#  File has been updated.
#  Successfully updated.
# variable set hash-table stats:
# Load=0/32=0%, Rehash=0, Collisions=0/0=0%

# Not a target:
src/parsing/init_cub.c:
#  Implicit rule search has been done.
#  Last modified 2022-07-01 19:44:13
#  File has been updated.
#  Successfully updated.
# variable set hash-table stats:
# Load=0/32=0%, Rehash=0, Collisions=0/0=0%

# Not a target:
src/parsing/parse_map.c:
#  Implicit rule search has been done.
#  Last modified 2022-07-01 19:44:13
#  File has been updated.
#  Successfully updated.
# variable set hash-table stats:
# Load=0/32=0%, Rehash=0, Collisions=0/0=0%

src/parsing/parsing.o: src/parsing/parsing.c includes/cub3d.h includes/parsing.h includes/get_next_line.h
#  Implicit rule search has been done.
#  Implicit/static pattern stem: `src/parsing/parsing'
#  Last modified 2022-07-01 20:35:41
#  File has been updated.
#  Successfully updated.
# variable set hash-table stats:
# Load=0/32=0%, Rehash=0, Collisions=0/0=0%
#  commands to execute (from `Makefile', line 55):
	$(CC) -g $(FLAGS) $(INCLUDES) -c $< -o $@
	

# Not a target:
includes/cub3d.h:
#  Implicit rule search has been done.
#  Last modified 2022-07-01 20:34:41
#  File has been updated.
#  Successfully updated.
# variable set hash-table stats:
# Load=0/32=0%, Rehash=0, Collisions=0/0=0%

# Not a target:
src/parsing/validation.c:
#  Implicit rule search has been done.
#  Last modified 2022-07-01 19:44:13
#  File has been updated.
#  Successfully updated.
# variable set hash-table stats:
# Load=0/32=0%, Rehash=0, Collisions=0/0=0%

all: cub3D
#  Phony target (prerequisite of .PHONY).
#  Command-line target.
#  Implicit rule search has not been done.
#  File does not exist.
#  File has been updated.
#  Successfully updated.
# variable set hash-table stats:
# Load=0/32=0%, Rehash=0, Collisions=0/0=0%

# Not a target:
src/moving/move.c:
#  Implicit rule search has been done.
#  Last modified 2022-06-28 19:46:57
#  File has been updated.
#  Successfully updated.
# variable set hash-table stats:
# Load=0/32=0%, Rehash=0, Collisions=0/0=0%

.PHONY: all clean fclean re bonus
#  Implicit rule search has not been done.
#  Modification time never checked.
#  File has not been updated.

# Not a target:
src/get_next_line/get_next_line.c:
#  Implicit rule search has been done.
#  Last modified 2022-06-19 17:51:37
#  File has been updated.
#  Successfully updated.
# variable set hash-table stats:
 
# Load=0/32=0%, Rehash=0, Collisions=0/0=0%

src/main.o: src/main.c includes/cub3d.h includes/parsing.h includes/get_next_line.h
#  Implicit rule search has been done.
#  Implicit/static pattern stem: `src/main'
#  Last modified 2022-07-01 20:35:41
#  File has been updated.
#  Successfully updated.
# variable set hash-table stats:
# Load=0/32=0%, Rehash=0, Collisions=0/0=0%
#  commands to execute (from `Makefile', line 55):
	$(CC) -g $(FLAGS) $(INCLUDES) -c $< -o $@
	

# Not a target:
src/parsing/config_identifier.c:
#  Implicit rule search has been done.
#  Last modified 2022-07-01 19:44:13
#  File has been updated.
#  Successfully updated.
# variable set hash-table stats:
# Load=0/32=0%, Rehash=0, Collisions=0/0=0%

cub3D: src/main.o src/get_next_line/get_next_line.o src/utils.o src/parsing/parsing.o src/parsing/validation.o src/parsing/parsing_utils.o src/parsing/config_identifier.o src/parsing/config_identifier2.o src/parsing/init.o src/parsing/init_cub.o src/parsing/parse_map.o src/parsing/parse_map_utils.o src/drawing/draw_3d.o src/drawing/draw_minimap.o src/moving/move.o src/moving/utils.o src/drawing/utils.o
#  Implicit rule search has not been done.
#  Last modified 2022-07-01 20:35:42
#  File has been updated.
#  Successfully updated.
# variable set hash-table stats:
# Load=0/32=0%, Rehash=0, Collisions=0/0=0%
#  commands to execute (from `Makefile', line 49):
	@($(MAKE)	-C $(MLX_DIR))
	@$(MAKE) all -C ./libft
	$(CC) $(INCLUDES) $(OBJ) $(MLX_LIB) -Lmlx -lmlx -framework OpenGL -framework AppKit ${LIBFT} -o $(NAME)
	

src/drawing/draw_3d.o: src/drawing/draw_3d.c includes/cub3d.h includes/parsing.h includes/get_next_line.h
#  Implicit rule search has been done.
#  Implicit/static pattern stem: `src/drawing/draw_3d'
#  Last modified 2022-07-01 20:35:42
#  File has been updated.
#  Successfully updated.
# variable set hash-table stats:
# Load=0/32=0%, Rehash=0, Collisions=0/0=0%
#  commands to execute (from `Makefile', line 55):
	$(CC) -g $(FLAGS) $(INCLUDES) -c $< -o $@
	

# Not a target:
includes/get_next_line.h:
#  Implicit rule search has been done.
#  Last modified 2022-07-01 19:44:13
#  File has been updated.
#  Successfully updated.
# variable set hash-table stats:
# Load=0/32=0%, Rehash=0, Collisions=0/0=0%

# Not a target:
.SUFFIXES:
#  Implicit rule search has not been done.
#  Modification time never checked.
#  File has not been updated.

src/parsing/config_identifier2.o: src/parsing/config_identifier2.c includes/cub3d.h includes/parsing.h includes/get_next_line.h
#  Implicit rule search has been done.
#  Implicit/static pattern stem: `src/parsing/config_identifier2'
#  Last modified 2022-07-01 20:35:41
#  File has been updated.
#  Successfully updated.
# variable set hash-table stats:
# Load=0/32=0%, Rehash=0, Collisions=0/0=0%
#  commands to execute (from `Makefile', line 55):
	$(CC) -g $(FLAGS) $(INCLUDES) -c $< -o $@
	

src/moving/utils.o: src/moving/utils.c includes/cub3d.h includes/parsing.h includes/get_next_line.h
#  Implicit rule search has been done.
#  Implicit/static pattern stem: `src/moving/utils'
#  Last modified 2022-07-01 20:35:42
#  File has been updated.
#  Successfully updated.
# variable set hash-table stats:
# Load=0/32=0%, Rehash=0, Collisions=0/0=0%
#  commands to execute (from `Makefile', line 55):
 
	$(CC) -g $(FLAGS) $(INCLUDES) -c $< -o $@
	

# Not a target:
Makefile:
#  Implicit rule search has been done.
#  Last modified 2022-07-01 20:35:39
#  File has been updated.
#  Successfully updated.
# variable set hash-table stats:
# Load=0/32=0%, Rehash=0, Collisions=0/0=0%

src/parsing/parse_map_utils.o: src/parsing/parse_map_utils.c includes/cub3d.h includes/parsing.h includes/get_next_line.h
#  Implicit rule search has been done.
#  Implicit/static pattern stem: `src/parsing/parse_map_utils'
#  Last modified 2022-07-01 20:35:42
#  File has been updated.
#  Successfully updated.
# variable set hash-table stats:
# Load=0/32=0%, Rehash=0, Collisions=0/0=0%
#  commands to execute (from `Makefile', line 55):
	$(CC) -g $(FLAGS) $(INCLUDES) -c $< -o $@
	

src/drawing/utils.o: src/drawing/utils.c includes/cub3d.h includes/parsing.h includes/get_next_line.h
#  Implicit rule search has been done.
#  Implicit/static pattern stem: `src/drawing/utils'
#  Last modified 2022-07-01 20:35:42
#  File has been updated.
#  Successfully updated.
# variable set hash-table stats:
# Load=0/32=0%, Rehash=0, Collisions=0/0=0%
#  commands to execute (from `Makefile', line 55):
	$(CC) -g $(FLAGS) $(INCLUDES) -c $< -o $@
	

# Not a target:
includes/parsing.h:
#  Implicit rule search has been done.
#  Last modified 2022-07-01 20:35:15
#  File has been updated.
#  Successfully updated.
# variable set hash-table stats:
# Load=0/32=0%, Rehash=0, Collisions=0/0=0%

# Not a target:
src/parsing/parsing.c:
#  Implicit rule search has been done.
#  Last modified 2022-07-01 19:44:13
#  File has been updated.
#  Successfully updated.
# variable set hash-table stats:
# Load=0/32=0%, Rehash=0, Collisions=0/0=0%

src/parsing/init.o: src/parsing/init.c includes/cub3d.h includes/parsing.h includes/get_next_line.h
#  Implicit rule search has been done.
#  Implicit/static pattern stem: `src/parsing/init'
#  Last modified 2022-07-01 20:35:41
#  File has been updated.
#  Successfully updated.
# variable set hash-table stats:
# Load=0/32=0%, Rehash=0, Collisions=0/0=0%
#  commands to execute (from `Makefile', line 55):
	$(CC) -g $(FLAGS) $(INCLUDES) -c $< -o $@
	

src/drawing/draw_minimap.o: src/drawing/draw_minimap.c includes/cub3d.h includes/parsing.h includes/get_next_line.h
#  Implicit rule search has been done.
#  Implicit/static pattern stem: `src/drawing/draw_minimap'
#  Last modified 2022-07-01 20:35:42
#  File has been updated.
#  Successfully updated.
# variable set hash-table stats:
# Load=0/32=0%, Rehash=0, Collisions=0/0=0%
#  commands to execute (from `Makefile', line 55):
	$(CC) -g $(FLAGS) $(INCLUDES) -c $< -o $@
	

bonus:
#  Phony target (prerequisite of .PHONY).
#  Implicit rule search has not been done.
#  File does not exist.
#  File has not been updated.

fclean: clean
#  Phony target (prerequisite of .PHONY).
#  Implicit rule search has not been done.
#  File does not exist.
#  File has not been updated.
#  commands to execute (from `Makefile', line 63):
	@$(MAKE) fclean -C ./libft
	$(RM) $(NAME)
	

# Not a target:
src/main.c:
#  Implicit rule search has been done.
#  Last modified 2022-07-01 19:56:06
#  File has been updated.
#  Successfully updated.
# variable set hash-table stats:
# Load=0/32=0%, Rehash=0, Collisions=0/0=0%

# Not a target:
src/drawing/draw_3d.c:
#  Implicit rule search has been done.
#  Last modified 2022-07-01 19:44:13
#  File has been updated.
#  Successfully updated.
# variable set hash-table stats:
# Load=0/32=0%, Rehash=0, Collisions=0/0=0%

src/utils.o: src/utils.c includes/cub3d.h includes/parsing.h includes/get_next_line.h
#  Implicit rule search has been done.
#  Implicit/static pattern stem: `src/utils'
#  Last modified 2022-07-01 20:35:41
#  File has been updated.
#  Successfully updated.
# variable set hash-table stats:
# Load=0/32=0%, Rehash=0, Collisions=0/0=0%
#  commands to execute (from `Makefile', line 55):
	$(CC) -g $(FLAGS) $(INCLUDES) -c $< -o $@
	

# Not a target:
.DEFAULT:
#  Implicit rule search has not been done.
#  Modification time never checked.
#  File has not been updated.

# Not a target:
src/parsing/config_identifier2.c:
#  Implicit rule search has been done.
#  Last modified 2022-07-01 19:44:13
#  File has been updated.
#  Successfully updated.
# variable set hash-table stats:
# Load=0/32=0%, Rehash=0, Collisions=0/0=0%

# Not a target:
src/moving/utils.c:
#  Implicit rule search has been done.
#  Last modified 2022-07-01 20:09:22
#  File has been updated.
#  Successfully updated.
# variable set hash-table stats:
# Load=0/32=0%, Rehash=0, Collisions=0/0=0%

# Not a target:
src/parsing/parse_map_utils.c:
#  Implicit rule search has been done.
#  Last modified 2022-07-01 19:44:13
#  File has been updated.
#  Successfully updated.
# variable set hash-table stats:
# Load=0/32=0%, Rehash=0, Collisions=0/0=0%

src/parsing/parsing_utils.o: src/parsing/parsing_utils.c includes/cub3d.h includes/parsing.h includes/get_next_line.h
#  Implicit rule search has been done.
#  Implicit/static pattern stem: `src/parsing/parsing_utils'
#  Last modified 2022-07-01 20:35:41
#  File has been updated.
#  Successfully updated.
# variable set hash-table stats:
# Load=0/32=0%, Rehash=0, Collisions=0/0=0%
#  commands to execute (from `Makefile', line 55):
	$(CC) -g $(FLAGS) $(INCLUDES) -c $< -o $@
	

# Not a target:
src/drawing/utils.c:
#  Implicit rule search has been done.
#  Last modified 2022-07-01 19:44:13
#  File has been updated.
#  Successfully updated.
# variable set hash-table stats:
# Load=0/32=0%, Rehash=0, Collisions=0/0=0%

re: fclean cub3D
#  Phony target (prerequisite of .PHONY).
#  Implicit rule search has not been done.
#  File does not exist.
#  File has not been updated.

src/parsing/init_cub.o: src/parsing/init_cub.c includes/cub3d.h includes/parsing.h includes/get_next_line.h
#  Implicit rule search has been done.
#  Implicit/static pattern stem: `src/parsing/init_cub'
#  Last modified 2022-07-01 20:35:41
#  File has been updated.
#  Successfully updated.
# variable set hash-table stats:
# Load=0/32=0%, Rehash=0, Collisions=0/0=0%
#  commands to execute (from `Makefile', line 55):
	$(CC) -g $(FLAGS) $(INCLUDES) -c $< -o $@
	

src/parsing/parse_map.o: src/parsing/parse_map.c includes/cub3d.h includes/parsing.h includes/get_next_line.h
#  Implicit rule search has been done.
#  Implicit/static pattern stem: `src/parsing/parse_map'
#  Last modified 2022-07-01 20:35:42
#  File has been updated.
#  Successfully updated.
# variable set hash-table stats:
# Load=0/32=0%, Rehash=0, Collisions=0/0=0%
#  commands to execute (from `Makefile', line 55):
	$(CC) -g $(FLAGS) $(INCLUDES) -c $< -o $@
	

clean:
#  Phony target (prerequisite of .PHONY).
#  Implicit rule search has not been done.
#  File does not exist.
#  File has not been updated.
#  commands to execute (from `Makefile', line 58):
	@$(MAKE) clean -C ./libft
	@(make	clean -C	$(MLX_DIR))
	$(RM) $(OBJ) $(OBJ_B)
	

# Not a target:
src/parsing/init.c:
#  Implicit rule search has been done.
#  Last modified 2022-07-01 19:44:13
#  File has been updated.
#  Successfully updated.
# variable set hash-table stats:
# Load=0/32=0%, Rehash=0, Collisions=0/0=0%

src/parsing/validation.o: src/parsing/validation.c includes/cub3d.h includes/parsing.h includes/get_next_line.h
#  Implicit rule search has been done.
#  Implicit/static pattern stem: `src/parsing/validation'
#  Last modified 2022-07-01 20:35:41
#  File has been updated.
#  Successfully updated.
# variable set hash-table stats:
# Load=0/32=0%, Rehash=0, Collisions=0/0=0%
#  commands to execute (from `Makefile', line 55):
	$(CC) -g $(FLAGS) $(INCLUDES) -c $< -o $@
	

src/moving/move.o: src/moving/move.c includes/cub3d.h includes/parsing.h includes/get_next_line.h
#  Implicit rule search has been done.
#  Implicit/static pattern stem: `src/moving/move'
#  Last modified 2022-07-01 20:35:42
#  File has been updated.
#  Successfully updated.
# variable set hash-table stats:
# Load=0/32=0%, Rehash=0, Collisions=0/0=0%
#  commands to execute (from `Makefile', line 55):
	$(CC) -g $(FLAGS) $(INCLUDES) -c $< -o $@
	

 
src/get_next_line/get_next_line.o: src/get_next_line/get_next_line.c includes/cub3d.h includes/parsing.h includes/get_next_line.h
#  Implicit rule search has been done.
#  Implicit/static pattern stem: `src/get_next_line/get_next_line'
#  Last modified 2022-07-01 20:35:41
#  File has been updated.
#  Successfully updated.
# variable set hash-table stats:
# Load=0/32=0%, Rehash=0, Collisions=0/0=0%
#  commands to execute (from `Makefile', line 55):
	$(CC) -g $(FLAGS) $(INCLUDES) -c $< -o $@
	

# Not a target:
src/drawing/draw_minimap.c:
#  Implicit rule search has been done.
#  Last modified 2022-06-28 21:35:15
#  File has been updated.
#  Successfully updated.
# variable set hash-table stats:
# Load=0/32=0%, Rehash=0, Collisions=0/0=0%

src/parsing/config_identifier.o: src/parsing/config_identifier.c includes/cub3d.h includes/parsing.h includes/get_next_line.h
#  Implicit rule search has been done.
#  Implicit/static pattern stem: `src/parsing/config_identifier'
#  Last modified 2022-07-01 20:35:41
#  File has been updated.
#  Successfully updated.
# variable set hash-table stats:
# Load=0/32=0%, Rehash=0, Collisions=0/0=0%
#  commands to execute (from `Makefile', line 55):
	$(CC) -g $(FLAGS) $(INCLUDES) -c $< -o $@
	

# Not a target:
src/utils.c:
#  Implicit rule search has been done.
#  Last modified 2022-07-01 19:31:31
#  File has been updated.
#  Successfully updated.
# variable set hash-table stats:
# Load=0/32=0%, Rehash=0, Collisions=0/0=0%

# files hash-table stats:
# Load=47/1024=5%, Rehash=0, Collisions=3/239=1%
# VPATH Search Paths

# No `vpath' search paths.

# No general (`VPATH' variable) search path.

# # of strings in strcache: 1
# # of strcache buffers: 1
# strcache size: total = 4096 / max = 4096 / min = 4096 / avg = 4096
# strcache free: total = 4087 / max = 4087 / min = 4087 / avg = 4087

# Finished Make data base on Fri Jul  1 20:35:45 2022

 
